<?xml version="1.0" encoding="UTF-8"?>
<!-- Generated by org.testng.reporters.JUnitXMLReporter -->
<testsuite hostname="DESKTOP-LSKACAV" ignored="1" name="Login Test" tests="1" failures="0" timestamp="2022-12-12T17:29:22 GMT" time="7.128" errors="0">
  <testcase name="verifyUserShouldNavigateToCellPhonesPageSuccessfully" time="1.34" classname="com.nopcommerce.demo.testsuite.ElectronicsTest"/>
  <testcase name="verifyThatTheProductAddedSuccessfullyAndPlaceOrderSuccessfully" time="0.0" classname="com.nopcommerce.demo.testsuite.ElectronicsTest">
    <ignored/>
  </testcase> <!-- verifyThatTheProductAddedSuccessfullyAndPlaceOrderSuccessfully -->
</testsuite> <!-- Login Test -->
