<?xml version="1.0" encoding="UTF-8"?>
<!-- Generated by org.testng.reporters.JUnitXMLReporter -->
<testsuite hostname="DESKTOP-LSKACAV" ignored="4" name="Regression Test" tests="3" failures="0" timestamp="2022-12-13T19:05:52 GMT" time="61.724" errors="0">
  <testcase name="verifyThatTheProductAddedSuccessfullyAndPlaceOrderSuccessfully" time="45.801" classname="com.nopcommerce.demo.testsuite.ElectronicsTest"/>
  <testcase name="verifyUserShouldNavigateToCellPhonesPageSuccessfully" time="0.897" classname="com.nopcommerce.demo.testsuite.ElectronicsTest"/>
  <testcase name="verifyUserShouldNavigateToApparel" time="1.035" classname="com.nopcommerce.demo.testsuite.HomePageTest"/>
  <testcase name="verifyProductArrangeInAlphaBaticalOrder" time="0.0" classname="com.nopcommerce.demo.testsuite.ComputerTest">
    <ignored/>
  </testcase> <!-- verifyProductArrangeInAlphaBaticalOrder -->
  <testcase name="verifyUserShouldNavigateToElectronics" time="0.0" classname="com.nopcommerce.demo.testsuite.HomePageTest">
    <ignored/>
  </testcase> <!-- verifyUserShouldNavigateToElectronics -->
  <testcase name="verifyUserShouldNavigateToComputer" time="0.0" classname="com.nopcommerce.demo.testsuite.HomePageTest">
    <ignored/>
  </testcase> <!-- verifyUserShouldNavigateToComputer -->
  <testcase name="verifyProductAddedToShoppingCartSuccessFully" time="0.0" classname="com.nopcommerce.demo.testsuite.ComputerTest1">
    <ignored/>
  </testcase> <!-- verifyProductAddedToShoppingCartSuccessFully -->
</testsuite> <!-- Regression Test -->
