<?xml version="1.0" encoding="UTF-8"?>
<testsuite name="Regression Test"
           tests="2"
           failures="0"
           errors="0"
           skipped="0"
           time="46.698">
  <properties />
  
  
            <testcase name="verifyUserShouldNavigateToCellPhonesPageSuccessfully" time="0.897" classname="com.nopcommerce.demo.testsuite.ElectronicsTest" />
                <testcase name="verifyThatTheProductAddedSuccessfullyAndPlaceOrderSuccessfully" time="45.801" classname="com.nopcommerce.demo.testsuite.ElectronicsTest" />
      
</testsuite>
