<?xml version="1.0" encoding="UTF-8"?>
<!-- Generated by org.testng.reporters.JUnitXMLReporter -->
<testsuite hostname="DESKTOP-LSKACAV" ignored="0" name="Login Test" tests="2" failures="1" timestamp="2022-12-10T22:23:42 GMT" time="11.385" errors="0">
  <testcase name="verifyErrorMessageWithInvalidCredentials" time="1.611" classname="com.nopcommerce.demo.testsuite.ElectronicsTest"/>
  <testcase name="verifyUserShouldNavigateToLoginPage" time="0.98" classname="com.nopcommerce.demo.testsuite.ElectronicsTest">
    <failure type="java.lang.AssertionError" message="Login page not displayed expected [Welcome, Please Sign In!] but found [Welcome, Please Sign In]">
      <![CDATA[java.lang.AssertionError: Login page not displayed expected [Welcome, Please Sign In!] but found [Welcome, Please Sign In]
at com.nopcommerce.demo.testsuite.ElectronicsTest.verifyUserShouldNavigateToLoginPage(LoginPageTest.java:27)
at java.util.ArrayList.forEach(ArrayList.java:1249)
at com.intellij.rt.testng.IDEARemoteTestNG.run(IDEARemoteTestNG.java:66)
at com.intellij.rt.testng.RemoteTestNGStarter.main(RemoteTestNGStarter.java:109)
... Removed 29 stack frames]]>
    </failure>
  </testcase> <!-- verifyUserShouldNavigateToLoginPage -->
</testsuite> <!-- Login Test -->
